TN:
SF:src\components\layout\PageTitle.tsx
FN:9,PageTitle
FNF:1
FNH:1
FNDA:58,PageTitle
DA:10,58
LF:1
LH:1
BRF:0
BRH:0
end_of_record
TN:
SF:src\features\auth\api\authApi.ts
FN:9,login
FN:14,register
FN:19,refreshToken
FN:24,logout
FN:28,getMe
FNF:5
FNH:0
FNDA:0,login
FNDA:0,register
FNDA:0,refreshToken
FNDA:0,logout
FNDA:0,getMe
DA:10,0
DA:11,0
DA:15,0
DA:16,0
DA:20,0
DA:21,0
DA:25,0
DA:29,0
DA:30,0
LF:9
LH:0
BRF:0
BRH:0
end_of_record
TN:
SF:src\features\auth\components\GoogleLoginButton.tsx
FN:3,GoogleLoginButton
FNF:1
FNH:1
FNDA:136,GoogleLoginButton
DA:4,136
DA:6,136
LF:2
LH:2
BRDA:4,0,0,136
BRDA:4,0,1,0
BRF:2
BRH:1
end_of_record
TN:
SF:src\features\auth\components\LoginForm.tsx
FN:7,LoginForm
FN:15,onSubmit
FN:37,(anonymous_2)
FN:40,(anonymous_3)
FN:49,(anonymous_4)
FN:55,(anonymous_5)
FN:63,(anonymous_6)
FNF:7
FNH:6
FNDA:140,LoginForm
FNDA:4,onSubmit
FNDA:0,(anonymous_2)
FNDA:3,(anonymous_3)
FNDA:18,(anonymous_4)
FNDA:57,(anonymous_5)
FNDA:49,(anonymous_6)
DA:8,140
DA:9,140
DA:10,140
DA:11,140
DA:12,140
DA:13,140
DA:16,4
DA:17,4
DA:18,4
DA:19,4
DA:20,2
DA:22,2
DA:25,2
DA:29,140
DA:37,0
DA:40,3
DA:49,18
DA:55,57
DA:63,49
LF:19
LH:18
BRDA:19,0,0,2
BRDA:19,0,1,2
BRDA:25,1,0,1
BRDA:25,1,1,1
BRDA:34,2,0,68
BRDA:34,2,1,72
BRDA:37,3,0,68
BRDA:37,3,1,72
BRDA:40,4,0,72
BRDA:40,4,1,68
BRDA:46,5,0,140
BRDA:46,5,1,72
BRDA:69,6,0,140
BRDA:69,6,1,2
BRDA:72,7,0,68
BRDA:72,7,1,72
BRDA:73,8,0,1
BRDA:73,8,1,139
BRDA:73,9,0,67
BRDA:73,9,1,72
BRF:20
BRH:20
end_of_record
TN:
SF:src\features\auth\hooks\useAuth.ts
FN:18,(anonymous_0)
FN:23,login
FN:34,register
FN:45,refresh
FN:46,(anonymous_4)
FN:63,logout
FN:73,(anonymous_6)
FNF:7
FNH:6
FNDA:2,(anonymous_0)
FNDA:4,login
FNDA:2,register
FNDA:4,refresh
FNDA:3,(anonymous_4)
FNDA:2,logout
FNDA:0,(anonymous_6)
DA:6,2
DA:18,2
DA:24,4
DA:25,4
DA:26,4
DA:27,3
DA:28,3
DA:30,4
DA:35,2
DA:36,2
DA:37,2
DA:38,1
DA:39,1
DA:41,2
DA:46,4
DA:47,3
DA:48,3
DA:49,2
DA:50,2
DA:51,2
DA:53,1
DA:54,1
DA:55,1
DA:57,3
DA:60,4
DA:64,2
DA:65,2
DA:67,2
DA:68,2
DA:73,2
LF:30
LH:30
BRF:0
BRH:0
end_of_record
TN:
SF:src\features\checkin\api\checkinApi.ts
FN:4,checkIn
FNF:1
FNH:0
FNDA:0,checkIn
DA:5,0
DA:6,0
LF:2
LH:0
BRF:0
BRH:0
end_of_record
TN:
SF:src\features\checkin\pages\CheckInPage.tsx
FN:9,CheckInPage
FN:18,(anonymous_1)
FN:19,(anonymous_2)
FN:25,(anonymous_3)
FN:27,(anonymous_4)
FN:33,submit
FN:48,(anonymous_6)
FN:49,(anonymous_7)
FN:51,(anonymous_8)
FN:52,(anonymous_9)
FN:55,(anonymous_10)
FN:56,(anonymous_11)
FN:62,(anonymous_12)
FNF:13
FNH:13
FNDA:81,CheckInPage
FNDA:9,(anonymous_1)
FNDA:9,(anonymous_2)
FNDA:19,(anonymous_3)
FNDA:10,(anonymous_4)
FNDA:6,submit
FNDA:1,(anonymous_6)
FNDA:144,(anonymous_7)
FNDA:1,(anonymous_8)
FNDA:125,(anonymous_9)
FNDA:1,(anonymous_10)
FNDA:5,(anonymous_11)
FNDA:42,(anonymous_12)
DA:10,81
DA:11,81
DA:12,81
DA:13,81
DA:14,81
DA:15,81
DA:16,81
DA:18,81
DA:19,9
DA:20,9
DA:21,9
DA:25,81
DA:26,19
DA:27,10
DA:28,10
DA:29,10
DA:34,6
DA:35,5
DA:36,5
DA:37,5
DA:38,5
DA:39,4
DA:41,1
DA:45,81
DA:48,1
DA:49,144
DA:51,1
DA:52,125
DA:55,1
DA:57,5
DA:58,5
DA:62,42
LF:32
LH:32
BRDA:21,0,0,9
BRDA:21,0,1,0
BRDA:26,1,0,9
BRDA:26,1,1,10
BRDA:29,2,0,10
BRDA:29,2,1,0
BRDA:33,3,0,6
BRDA:34,4,0,1
BRDA:34,4,1,5
BRDA:34,5,0,6
BRDA:34,5,1,6
BRDA:48,6,0,81
BRDA:48,6,1,9
BRDA:51,7,0,81
BRDA:51,7,1,18
BRDA:69,8,0,81
BRDA:69,8,1,4
BRDA:75,9,0,81
BRDA:75,9,1,1
BRF:19
BRH:17
end_of_record
TN:
SF:src\features\dashboard\components\GateBreakdownTable.tsx
FN:7,GateBreakdownTable
FN:16,(anonymous_1)
FNF:2
FNH:2
FNDA:8,GateBreakdownTable
FNDA:8,(anonymous_1)
DA:8,8
DA:17,8
LF:2
LH:2
BRF:0
BRH:0
end_of_record
TN:
SF:src\features\dashboard\components\LiveStatsCard.tsx
FN:9,LiveStatsCard
FNF:1
FNH:1
FNDA:5,LiveStatsCard
DA:10,5
LF:1
LH:1
BRF:0
BRH:0
end_of_record
TN:
SF:src\features\events\api\eventApi.ts
FN:4,listEvents
FN:12,getEvent
FN:17,createEvent
FN:22,updateEvent
FN:27,listTicketTypes
FN:34,createTicketType
FN:39,listGates
FN:44,createGate
FNF:8
FNH:0
FNDA:0,listEvents
FNDA:0,getEvent
FNDA:0,createEvent
FNDA:0,updateEvent
FNDA:0,listTicketTypes
FNDA:0,createTicketType
FNDA:0,listGates
FNDA:0,createGate
DA:5,0
DA:9,0
DA:13,0
DA:14,0
DA:18,0
DA:19,0
DA:23,0
DA:24,0
DA:28,0
DA:31,0
DA:35,0
DA:36,0
DA:40,0
DA:41,0
DA:45,0
DA:46,0
LF:16
LH:0
BRF:0
BRH:0
end_of_record
TN:
SF:src\features\events\pages\EventDetailPage.tsx
FN:16,EventDetailPage
FN:23,(anonymous_1)
FN:25,(anonymous_2)
FN:29,(anonymous_3)
FN:32,reserve
FN:48,confirm
FN:76,(anonymous_6)
FN:83,(anonymous_7)
FN:93,(anonymous_8)
FNF:9
FNH:9
FNDA:29,EventDetailPage
FNDA:10,(anonymous_1)
FNDA:8,(anonymous_2)
FNDA:1,(anonymous_3)
FNDA:5,reserve
FNDA:1,confirm
FNDA:36,(anonymous_6)
FNDA:5,(anonymous_7)
FNDA:1,(anonymous_8)
DA:17,29
DA:18,29
DA:19,29
DA:20,29
DA:21,29
DA:23,29
DA:24,10
DA:26,8
DA:27,8
DA:29,1
DA:33,5
DA:34,1
DA:35,1
DA:37,4
DA:38,4
DA:39,4
DA:40,4
DA:42,1
DA:44,4
DA:49,1
DA:50,1
DA:51,1
DA:52,1
DA:53,1
DA:55,0
DA:57,1
DA:61,29
DA:63,18
DA:77,36
DA:83,5
DA:93,1
LF:31
LH:30
BRDA:33,0,0,1
BRDA:33,0,1,4
BRDA:49,1,0,0
BRDA:49,1,1,1
BRDA:61,2,0,11
BRDA:61,2,1,18
BRDA:61,3,0,11
BRDA:61,3,1,10
BRDA:68,4,0,0
BRDA:68,4,1,18
BRDA:69,5,0,29
BRDA:69,5,1,0
BRDA:83,6,0,36
BRDA:83,6,1,26
BRDA:88,7,0,29
BRDA:88,7,1,5
BRDA:92,8,0,5
BRDA:92,8,1,4
BRDA:97,9,0,5
BRDA:97,9,1,1
BRDA:100,10,0,29
BRDA:100,10,1,1
BRF:22
BRH:19
end_of_record
TN:
SF:src\features\events\pages\EventsPage.tsx
FN:7,EventsPage
FN:12,(anonymous_1)
FN:15,(anonymous_2)
FN:16,(anonymous_3)
FN:26,(anonymous_4)
FN:36,(anonymous_5)
FNF:6
FNH:6
FNDA:15,EventsPage
FNDA:8,(anonymous_1)
FNDA:1,(anonymous_2)
FNDA:7,(anonymous_3)
FNDA:8,(anonymous_4)
FNDA:1,(anonymous_5)
DA:8,15
DA:9,15
DA:10,15
DA:12,15
DA:13,8
DA:15,1
DA:16,7
DA:19,15
DA:27,8
DA:36,1
LF:10
LH:10
BRDA:22,0,0,15
BRDA:22,0,1,8
BRDA:23,1,0,15
BRDA:23,1,1,1
BRDA:24,2,0,15
BRDA:24,2,1,7
BRDA:24,2,2,6
BRDA:24,2,3,1
BRDA:28,3,0,1
BRDA:28,3,1,7
BRDA:32,4,0,8
BRDA:32,4,1,0
BRF:12
BRH:11
end_of_record
TN:
SF:src\features\tickets\api\ticketApi.ts
FN:4,reserveTicket
FN:13,confirmTicket
FN:18,cancelTicket
FN:22,listMyTickets
FNF:4
FNH:0
FNDA:0,reserveTicket
FNDA:0,confirmTicket
FNDA:0,cancelTicket
FNDA:0,listMyTickets
DA:5,0
DA:10,0
DA:14,0
DA:15,0
DA:19,0
DA:23,0
DA:24,0
LF:7
LH:0
BRF:0
BRH:0
end_of_record
TN:
SF:src\features\tickets\pages\MyTicketsPage.tsx
FN:7,MyTicketsPage
FN:11,(anonymous_1)
FN:12,(anonymous_2)
FN:17,act
FN:32,(anonymous_4)
FN:43,(anonymous_5)
FN:43,(anonymous_6)
FN:44,(anonymous_7)
FN:44,(anonymous_8)
FNF:9
FNH:9
FNDA:28,MyTicketsPage
FNDA:13,(anonymous_1)
FNDA:1,(anonymous_2)
FNDA:3,act
FNDA:19,(anonymous_4)
FNDA:2,(anonymous_5)
FNDA:2,(anonymous_6)
FNDA:1,(anonymous_7)
FNDA:1,(anonymous_8)
DA:8,28
DA:9,28
DA:11,28
DA:12,13
DA:15,28
DA:18,3
DA:19,3
DA:20,3
DA:21,2
DA:23,1
DA:27,28
DA:33,19
DA:43,2
DA:44,1
LF:14
LH:14
BRDA:30,0,0,28
BRDA:30,0,1,2
BRDA:39,1,0,19
BRDA:39,1,1,5
BRDA:41,2,0,19
BRDA:41,2,1,11
BRF:6
BRH:6
end_of_record
TN:
SF:src\lib\apiClient.ts
FN:11,(anonymous_0)
FN:20,(anonymous_1)
FN:22,(anonymous_2)
FN:37,setAccessToken
FN:41,setRefreshAccessToken
FNF:5
FNH:3
FNDA:1,(anonymous_0)
FNDA:0,(anonymous_1)
FNDA:1,(anonymous_2)
FNDA:0,setAccessToken
FNDA:2,setRefreshAccessToken
DA:3,6
DA:4,6
DA:6,6
DA:11,6
DA:12,1
DA:13,0
DA:14,1
DA:15,0
DA:17,1
DA:20,6
DA:21,0
DA:23,1
DA:24,1
DA:25,1
DA:27,0
DA:28,0
DA:29,0
DA:30,0
DA:32,0
DA:33,0
DA:38,0
DA:42,2
LF:22
LH:12
BRDA:7,0,0,6
BRDA:7,0,1,0
BRDA:12,1,0,0
BRDA:12,1,1,1
BRDA:14,2,0,0
BRDA:14,2,1,1
BRDA:24,3,0,1
BRDA:24,3,1,0
BRDA:24,4,0,1
BRDA:24,4,1,1
BRDA:24,4,2,0
BRDA:24,4,3,0
BRDA:29,5,0,0
BRDA:29,5,1,0
BRF:14
BRH:6
end_of_record
TN:
SF:src\lib\format.ts
FNF:0
FNH:0
DA:1,2
LF:1
LH:1
BRF:0
BRH:0
end_of_record
TN:
SF:src\routes\navigation.ts
FN:3,navigate
FN:8,usePath
FN:11,(anonymous_2)
FN:12,(anonymous_3)
FN:14,(anonymous_4)
FNF:5
FNH:5
FNDA:8,navigate
FNDA:7,usePath
FNDA:4,(anonymous_2)
FNDA:3,(anonymous_3)
FNDA:4,(anonymous_4)
DA:4,8
DA:5,8
DA:9,7
DA:11,7
DA:12,4
DA:13,4
DA:14,4
DA:17,7
LF:8
LH:8
BRF:0
BRH:0
end_of_record
